<?xml version="1.0" encoding="UTF-8"?>
<!-- Generated by org.testng.reporters.JUnitReportReporter -->
<testsuite hostname="DESKTOP-CBG3ILO" failures="0" tests="2" name="TestClasses.VerifyFacebookLogin2" time="33.561" errors="0" timestamp="2022-05-24T09:42:33 IST" skipped="0">
  <testcase classname="TestClasses.VerifyFacebookLogin2" name="verifytaskinvalid" time="8.038"/>
  <system-out/>
  <testcase classname="TestClasses.VerifyFacebookLogin2" name="verifyTaskTab" time="25.523"/>
  <system-out/>
</testsuite> <!-- TestClasses.VerifyFacebookLogin2 -->
